{"C:\\Users\\ibrahim\\Downloads\\fe_task\\fe_task\\app\\utils\\filterChart.js": {"path":"C:\\Users\\ibrahim\\Downloads\\fe_task\\fe_task\\app\\utils\\filterChart.js","statementMap":{"0":{"start":{"line":1,"column":30},"end":{"line":3,"column":1}},"1":{"start":{"line":2,"column":2},"end":{"line":2,"column":34}},"2":{"start":{"line":5,"column":26},"end":{"line":9,"column":1}},"3":{"start":{"line":6,"column":16},"end":{"line":6,"column":48}},"4":{"start":{"line":7,"column":14},"end":{"line":7,"column":44}},"5":{"start":{"line":8,"column":2},"end":{"line":8,"column":92}},"6":{"start":{"line":8,"column":45},"end":{"line":8,"column":89}},"7":{"start":{"line":11,"column":0},"end":{"line":11,"column":53}}},"fnMap":{"0":{"name":"(anonymous_0)","decl":{"start":{"line":1,"column":30},"end":{"line":1,"column":31}},"loc":{"start":{"line":1,"column":40},"end":{"line":3,"column":1}},"line":1},"1":{"name":"(anonymous_1)","decl":{"start":{"line":5,"column":26},"end":{"line":5,"column":27}},"loc":{"start":{"line":5,"column":68},"end":{"line":9,"column":1}},"line":5},"2":{"name":"(anonymous_2)","decl":{"start":{"line":8,"column":34},"end":{"line":8,"column":35}},"loc":{"start":{"line":8,"column":45},"end":{"line":8,"column":89}},"line":8}},"branchMap":{"0":{"loc":{"start":{"line":8,"column":45},"end":{"line":8,"column":89}},"type":"binary-expr","locations":[{"start":{"line":8,"column":45},"end":{"line":8,"column":66}},{"start":{"line":8,"column":70},"end":{"line":8,"column":89}}],"line":8}},"s":{"0":1,"1":8,"2":1,"3":4,"4":4,"5":4,"6":28,"7":1},"f":{"0":8,"1":4,"2":28},"b":{"0":[28,20]},"_coverageSchema":"1a1c01bbd47fc00a2c39e90264f33305004495a9","hash":"dc6a4806b42d5c711623b7854399527e553b1133"}
}
